Added a new stock CISSV C3is Inc. Common Stock When Issued
Added a new stock EVXX Defiance Pure Electric Vehicle ETF
Added a new stock IMPPV Imperial Petroleum Inc. Common Shares Ex-distribution When Issued
Added a new stock PRVT Tidal ETF Trust Private Real Estate Strategy via Liquid REITs ETF
Added a new stock AACT Ares Acquisition Corporation II
Added a new stock CELZ Creative Medical Technology Holdings, Inc. Common Stock
Added a new stock FDCF Fidelity Covington Trust Fidelity Disruptive Communications ETF
Added a new stock FDTX Fidelity Covington Trust Fidelity Disruptive Technology ETF
Added a new stock FBOT Fidelity Covington Trust Fidelity Disruptive Automation ETF
Added a new stock FDFF Fidelity Covington Trust Fidelity Disruptive Finance ETF
Added a new stock FMED Fidelity Covington Trust Fidelity Disruptive Medicine ETF
Added a new stock FNCH Finch Therapeutics Group, Inc. Common Stock
Added a new stock VFLO Victory Portfolios II VictoryShares Free Cash Flow ETF
Added a new stock PYLD PIMCO Multi Sector Bond Active ETF
Added a new stock FTREV Fortrea Holdings Inc. Common Stock When Issued
Added a new stock NVRI Enviri Corporation
Added a new stock WKC World Kinect Corporation
Added a new stock METCB Ramaco Resources, Inc. Class B Common Stock
Added a new stock LTRY Lottery.com, Inc. Common Stock
Added a new stock LH.WI Laboratory Corporation of America Holdings
Added a new stock AZTR Azitra Inc
Added a new stock BILZ PIMCO Ultra Short Government Active ETF
Added a new stock JETU MAX Airlines 3x Leveraged ETN
Added a new stock JETD MAX Airlines -3x Inverse Leveraged ETN
Added a new stock BOF BranchOut Food Inc. Common Stock
Added a new stock INDV Indivior PLC Ordinary Shares
Added a new stock ILIT iShares Trust iShares Lithium Miners and Producers ETF
Added a new stock CAVA CAVA Group, Inc.
Added a new stock CISS C3is Inc. Common Stock
Added a new stock ICOP iShares Trust iShares Copper and Metals Mining ETF
Added a new stock IBHJ iShares iBonds 2030 Term High Yield and Income ETF
Added a new stock IBDY iShares iBonds Dec 2033 Term Corporate ETF
Added a new stock CSWCZ Capital Southwest Corporation 7.75% Notes due 2028
Added a new stock HCMT Direxion HCM Tactical Enhanced US ETF
Added a new stock CALC CalciMedica, Inc. Common Stock
Added a new stock EQLS Simplify Market Neutral Equity Long/Short ETF
Added a new stock ESHAU ESH Acquisition Corp. Unit
Added a new stock FDIF Fidelity Covington Trust Fidelity Disruptors ETF
Added a new stock FFLS The Future Fund Long/Short ETF
Added a new stock DUBS Aptus Large Cap Enhanced Yield ETF
Added a new stock TCAF T. Rowe Price Capital Appreciation Equity ETF
Added a new stock GJUN FT Cboe Vest U.S. Equity Moderate Buffer ETF - June
Added a new stock DTI Drilling Tools International Corporation Common Stock
Added a new stock TGRT T. Rowe Price Growth ETF
Added a new stock MTBL Moatable, Inc. American Depositary Share (each representing forty-five (45) Class A Ordinary Shares)
Added a new stock TMSL T. Rowe Price Small-Mid Cap ETF
Added a new stock TOUS T. Rowe Price International Equity ETF
Added a new stock TUNE Clouty Tune ETF
Added a new stock TVAL T. Rowe Price Value ETF
Added a new stock CLIP Global X 1-3 Month T-Bill ETF
Added a new stock ALCY Alchemy Investments Acquisition Corp 1 Class A Ordinary Shares
Added a new stock DFCA Dimensional California Municipal Bond ETF
Added a new stock CRDT Simplify Opportunistic Income ETF
Added a new stock TOON Kartoon Studios, Inc.
Added a new stock AENT Alliance Entertainment Holding Corporation Class A Common Stock
Added a new stock BDVG IMGP Berkshire Dividend Growth ETF
Added a new stock BITX 2x Bitcoin Strategy ETF
Added a new stock BUJAU Bukit Jalil Global Acquisition 1 Ltd. Unit
Added a new stock BWA.WI BorgWarner Inc.
Added a new stock CARD MAX Auto Industry -3x Inverse Leveraged ETN
Added a new stock CARU MAX Auto Industry 3x Leveraged ETN
Added a new stock FIHL Fidelis Insurance Holdings Limited
Added a new stock GENK GEN Restaurant Group, Inc. Class A Common Stock
Added a new stock GODN Golden Star Acquisition Corporation Ordinary Shares
Added a new stock GODNR Golden Star Acquisition Corporation Rights
Added a new stock PHIN.WI PHINIA Inc.
Added a new stock AVNV Avantis All International Markets Value ETF
Added a new stock AVNM Avantis All International Markets Equity ETF
Added a new stock AVMA Avantis Moderate Allocation ETF
Added a new stock AVGV Avantis All Equity Markets Value ETF
Added a new stock PHXM PHAXIAM Therapeutics S.A.. American Depositary Shares
Added a new stock IBTO iShares Trust iShares iBonds Dec 2033 Term Treasury ETF
Added a new stock INTS Intensity Therapeutics, Inc. Common stock
Added a new stock IVVB iShares Large Cap Deep Buffer ETF
Added a new stock IVVM iShares Large Cap Moderate Buffer ETF
Added a new stock KGS Kodiak Gas Services, Inc.
Added a new stock LSGR Natixis Loomis Sayles Focused Growth ETF
Added a new stock SVV Savers Value Village, Inc.
Added a new stock PWM Prestige Wealth Inc. Ordinary Shares
Added a new stock VTMX Corporacion Inmobiliaria Vesta, S.A.B de C.V., American Depositary Shares, each representing ten (10) Common Shares
Added a new stock FTRE Fortrea Holdings Inc. Common Stock
Added a new stock BNSOF BONSO ELECTRS INTL INC Common Stock
Added a new stock SRGAQ SURGALIGN HLDGS INC Common Stock
Added a new stock MCHOY MultiChoice Group Limited Sponsored ADR (South Africa)
Added a new stock JULQ Innovator Premium Income 40 Barrier ETF - July
Added a new stock BTM Bitcoin Depot Inc. Class A Common Stock
Added a new stock SPHDD Santhera Pharmaceuticals Holdings Ltd Common Shares
Added a new stock BGC BGC Group, Inc. Class A Common Stock
Added a new stock JULJ Innovator Premium Income 30 Barrier ETF - July
Added a new stock JULH Innovator Premium Income 20 Barrier ETF - July
Added a new stock KSRPF KERAS RES PLC ORD GBP0.01 Ordinary Shares
Added a new stock JULD Innovator Premium Income 10 Barrier ETF - July
Added a new stock DHLGY Deutsche Post AG Sponsored ADR (Germany)
Added a new stock ABL Abacus Life, Inc. Class A Common Stock
Added a new stock GHAMF GRESHAM TECHNOLOGIES PLC SHS (United Kindgom)
Added a new stock SIGGF Sigma Healthcare Ltd Ordinary Shares (Australia)
Added a new stock FRRSD FOREMOST LITHIUM RESOURCE & TECHNOLOGY LTD Ordinary Shares
Added a new stock IBAAY Industrias Bachoco SAB De C.V.
Added a new stock OMH Ohmyhome Limited Ordinary Shares
Added a new stock OBDC Blue Owl Capital Corporation
Added a new stock MUSQ MUSQ Global Music Industry ETF
Added a new stock SRISF SRISAWAD CORP PUB CO LTD LOCAL SHARES (Thailand)
Added a new stock PHIN PHINIA Inc.
Added a new stock AQXND ALICE QUEEN LTD Ordinary Shares
Added a new stock LZM Lifezone Metals Limited
Added a new stock AEHL Antelope Enterprise Holdings Limited Class A Ordinary Shares
